Timestamp: 20250707_110954

==================== [LOG: vote] ====================

==================== [LOG: worker] ====================
worker  | 
worker  | > @roxsross/voting-app-worker@1.0.0 start
worker  | > node main.js
worker  | 

==================== [LOG: result] ====================
result  | App running on port 3010
result  | Waiting for db

==================== [LOG: nginx] ====================
nginx  | 2025/07/07 16:10:35 [notice] 1#1: using the "epoll" event method
nginx  | 2025/07/07 16:10:35 [notice] 1#1: nginx/1.29.0
nginx  | 2025/07/07 16:10:35 [notice] 1#1: built by gcc 14.2.0 (Alpine 14.2.0) 
nginx  | 2025/07/07 16:10:35 [notice] 1#1: OS: Linux 5.15.167.4-microsoft-standard-WSL2
nginx  | 2025/07/07 16:10:35 [notice] 1#1: getrlimit(RLIMIT_NOFILE): 1048576:1048576
nginx  | 2025/07/07 16:10:35 [notice] 1#1: start worker processes
nginx  | 2025/07/07 16:10:35 [notice] 1#1: start worker process 8
nginx  | 2025/07/07 16:10:35 [notice] 1#1: start worker process 9
nginx  | 2025/07/07 16:10:35 [notice] 1#1: start worker process 10
nginx  | 2025/07/07 16:10:35 [notice] 1#1: start worker process 11
nginx  | 2025/07/07 16:10:35 [notice] 1#1: start worker process 12
nginx  | 2025/07/07 16:10:35 [notice] 1#1: start worker process 13
nginx  | 2025/07/07 16:10:35 [notice] 1#1: start worker process 14
nginx  | 2025/07/07 16:10:35 [notice] 1#1: start worker process 15
